16:24:44. INFO  manager.ApplicationManager - Test on CHROME
16:25:18. INFO  manager.MyListener - Start search element by locator --->By.cssSelector: button[data-testid='header-member-menu-button']
16:25:23. INFO  manager.MyListener - The element with locator --->By.cssSelector: button[data-testid='header-member-menu-button']was found
16:25:25. INFO  manager.MyListener - Start search element by locator --->By.cssSelector: a[href='/login']
16:25:25. INFO  manager.MyListener - The element with locator --->By.cssSelector: a[href='/login']was found
16:25:29. INFO  manager.MyListener - Start search element by locator --->By.cssSelector: button.username-change
16:25:29. INFO  manager.MyListener - The element with locator --->By.cssSelector: button.username-changewas found
16:25:29. INFO  manager.MyListener - Start search element by locator --->By.name: user
16:25:29. INFO  manager.MyListener - The element with locator --->By.name: userwas found
16:25:29. INFO  manager.MyListener - Start search element by locator --->By.id: login
16:25:29. INFO  manager.MyListener - The element with locator --->By.id: loginwas found
16:25:31. INFO  manager.MyListener - Start search element by locator --->By.id: password
16:25:42. INFO  manager.MyListener - The element with locator --->By.id: passwordwas found
16:25:42. INFO  manager.MyListener - Start search element by locator --->By.id: login-submit
16:25:42. INFO  manager.MyListener - The element with locator --->By.id: login-submitwas found
16:25:42. INFO  manager.MyListener - Start search element by locator --->By.cssSelector: button[data-testid='header-member-menu-button']
16:25:47. INFO  manager.MyListener - Something went wrong!!!
16:25:47. INFO  manager.MyListener - no such element: Unable to locate element: {"method":"css selector","selector":"button[data-testid='header-member-menu-button']"}
  (Session info: chrome=108.0.5359.126)
For documentation on this error, please visit: https://www.seleniumhq.org/exceptions/no_such_element.html
Build info: version: '3.141.59', revision: 'e82be7d358', time: '2018-11-14T08:17:03'
System info: host: 'DESKTOP-ARMCA8P', ip: '192.168.43.211', os.name: 'Windows 11', os.arch: 'amd64', os.version: '10.0', java.version: '1.8.0_333'
Driver info: org.openqa.selenium.chrome.ChromeDriver
Capabilities {acceptInsecureCerts: false, browserName: chrome, browserVersion: 108.0.5359.126, chrome: {chromedriverVersion: 108.0.5359.71 (1e0e3868ee06..., userDataDir: C:\Users\uevge\AppData\Loca...}, goog:chromeOptions: {debuggerAddress: localhost:63586}, javascriptEnabled: true, networkConnectionEnabled: false, pageLoadStrategy: normal, platform: WINDOWS, platformName: WINDOWS, proxy: Proxy(), setWindowRect: true, strictFileInteractability: false, timeouts: {implicit: 0, pageLoad: 300000, script: 30000}, unhandledPromptBehavior: dismiss and notify, webauthn:extension:credBlob: true, webauthn:extension:largeBlob: true, webauthn:virtualAuthenticators: true}
Session ID: ede3ca1980f5078ca8c0d371f9cc6052
*** Element info: {Using=css selector, value=button[data-testid='header-member-menu-button']}
16:25:47. INFO  manager.MyListener - org.openqa.selenium.NoSuchElementException: no such element: Unable to locate element: {"method":"css selector","selector":"button[data-testid='header-member-menu-button']"}
  (Session info: chrome=108.0.5359.126)
For documentation on this error, please visit: https://www.seleniumhq.org/exceptions/no_such_element.html
Build info: version: '3.141.59', revision: 'e82be7d358', time: '2018-11-14T08:17:03'
System info: host: 'DESKTOP-ARMCA8P', ip: '192.168.43.211', os.name: 'Windows 11', os.arch: 'amd64', os.version: '10.0', java.version: '1.8.0_333'
Driver info: org.openqa.selenium.chrome.ChromeDriver
Capabilities {acceptInsecureCerts: false, browserName: chrome, browserVersion: 108.0.5359.126, chrome: {chromedriverVersion: 108.0.5359.71 (1e0e3868ee06..., userDataDir: C:\Users\uevge\AppData\Loca...}, goog:chromeOptions: {debuggerAddress: localhost:63586}, javascriptEnabled: true, networkConnectionEnabled: false, pageLoadStrategy: normal, platform: WINDOWS, platformName: WINDOWS, proxy: Proxy(), setWindowRect: true, strictFileInteractability: false, timeouts: {implicit: 0, pageLoad: 300000, script: 30000}, unhandledPromptBehavior: dismiss and notify, webauthn:extension:credBlob: true, webauthn:extension:largeBlob: true, webauthn:virtualAuthenticators: true}
Session ID: ede3ca1980f5078ca8c0d371f9cc6052
*** Element info: {Using=css selector, value=button[data-testid='header-member-menu-button']}
16:25:48. INFO  manager.MyListener - Screenshot with throwable -->src/test/screenshots/screenshot-1547.png
