16:55:45. INFO  manager.ApplicationManager - Test on CHROME
16:55:51. INFO  manager.MyListener - Start search element by locator --->By.cssSelector: button[data-testid='header-member-menu-button']
16:55:56. INFO  manager.MyListener - The element with locator --->By.cssSelector: button[data-testid='header-member-menu-button']was found
16:55:58. INFO  manager.MyListener - Start search element by locator --->By.cssSelector: a[href='/login']
16:55:58. INFO  manager.MyListener - The element with locator --->By.cssSelector: a[href='/login']was found
16:56:03. INFO  manager.MyListener - Start search element by locator --->By.cssSelector: button.username-change
16:56:03. INFO  manager.MyListener - The element with locator --->By.cssSelector: button.username-changewas found
16:56:03. INFO  manager.MyListener - Start search element by locator --->By.name: user
16:56:03. INFO  manager.MyListener - The element with locator --->By.name: userwas found
16:56:04. INFO  manager.MyListener - Start search element by locator --->By.id: login
16:56:04. INFO  manager.MyListener - The element with locator --->By.id: loginwas found
16:56:06. INFO  manager.MyListener - Start search element by locator --->By.id: password
16:56:07. INFO  manager.MyListener - The element with locator --->By.id: passwordwas found
16:56:08. INFO  manager.MyListener - Start search element by locator --->By.id: login-submit
16:56:08. INFO  manager.MyListener - The element with locator --->By.id: login-submitwas found
16:56:08. INFO  manager.MyListener - Start search element by locator --->By.cssSelector: button[data-testid='header-member-menu-button']
16:56:14. INFO  manager.MyListener - The element with locator --->By.cssSelector: button[data-testid='header-member-menu-button']was found
16:56:14. INFO  manager.MyListener - Start search element by locator --->By.cssSelector: button[data-testid='header-member-menu-button']
16:56:14. INFO  manager.MyListener - The element with locator --->By.cssSelector: button[data-testid='header-member-menu-button']was found
16:56:14. INFO  manager.MyListener - Start search element by locator --->By.cssSelector: [data-testid='account-menu-profile']
16:56:14. INFO  manager.MyListener - The element with locator --->By.cssSelector: [data-testid='account-menu-profile']was found
16:56:14. INFO  manager.MyListener - Start search element by locator --->By.xpath: //a[text()='Atlassian profile']
16:56:14. INFO  manager.MyListener - The element with locator --->By.xpath: //a[text()='Atlassian profile']was found
16:56:16. INFO  manager.MyListener - Start search element by locator --->By.cssSelector: [data-test-selector='profile-hover-info']
16:56:17. INFO  manager.MyListener - The element with locator --->By.cssSelector: [data-test-selector='profile-hover-info']was found
16:56:18. INFO  manager.MyListener - Start search element by locator --->By.xpath: //*[text()='Change profile photo']
16:56:18. INFO  manager.MyListener - The element with locator --->By.xpath: //*[text()='Change profile photo']was found
16:56:18. INFO  manager.MyListener - Start search element by locator --->By.id: image-input
16:56:18. INFO  manager.MyListener - The element with locator --->By.id: image-inputwas found
16:56:18. INFO  manager.MyListener - Something went wrong!!!
16:56:18. INFO  manager.MyListener - unknown error: path is not absolute: src/test/resources/avatar.jpg
  (Session info: chrome=108.0.5359.126)
Build info: version: '3.141.59', revision: 'e82be7d358', time: '2018-11-14T08:17:03'
System info: host: 'DESKTOP-ARMCA8P', ip: '10.0.0.4', os.name: 'Windows 11', os.arch: 'amd64', os.version: '10.0', java.version: '1.8.0_333'
Driver info: org.openqa.selenium.chrome.ChromeDriver
Capabilities {acceptInsecureCerts: false, browserName: chrome, browserVersion: 108.0.5359.126, chrome: {chromedriverVersion: 108.0.5359.71 (1e0e3868ee06..., userDataDir: C:\Users\uevge\AppData\Loca...}, goog:chromeOptions: {debuggerAddress: localhost:64673}, javascriptEnabled: true, networkConnectionEnabled: false, pageLoadStrategy: normal, platform: WINDOWS, platformName: WINDOWS, proxy: Proxy(), setWindowRect: true, strictFileInteractability: false, timeouts: {implicit: 0, pageLoad: 300000, script: 30000}, unhandledPromptBehavior: dismiss and notify, webauthn:extension:credBlob: true, webauthn:extension:largeBlob: true, webauthn:virtualAuthenticators: true}
Session ID: 4a96971171da7143fcabadfc2174ea63
16:56:18. INFO  manager.MyListener - org.openqa.selenium.WebDriverException: unknown error: path is not absolute: src/test/resources/avatar.jpg
  (Session info: chrome=108.0.5359.126)
Build info: version: '3.141.59', revision: 'e82be7d358', time: '2018-11-14T08:17:03'
System info: host: 'DESKTOP-ARMCA8P', ip: '10.0.0.4', os.name: 'Windows 11', os.arch: 'amd64', os.version: '10.0', java.version: '1.8.0_333'
Driver info: org.openqa.selenium.chrome.ChromeDriver
Capabilities {acceptInsecureCerts: false, browserName: chrome, browserVersion: 108.0.5359.126, chrome: {chromedriverVersion: 108.0.5359.71 (1e0e3868ee06..., userDataDir: C:\Users\uevge\AppData\Loca...}, goog:chromeOptions: {debuggerAddress: localhost:64673}, javascriptEnabled: true, networkConnectionEnabled: false, pageLoadStrategy: normal, platform: WINDOWS, platformName: WINDOWS, proxy: Proxy(), setWindowRect: true, strictFileInteractability: false, timeouts: {implicit: 0, pageLoad: 300000, script: 30000}, unhandledPromptBehavior: dismiss and notify, webauthn:extension:credBlob: true, webauthn:extension:largeBlob: true, webauthn:virtualAuthenticators: true}
Session ID: 4a96971171da7143fcabadfc2174ea63
16:56:18. INFO  manager.MyListener - Screenshot with throwable -->src/test/screenshots/screenshot-3378.png
