15:48:40. INFO  manager.ApplicationManager - Test on CHROME
15:48:44. INFO  manager.MyListener - Start search element by locator --->By.cssSelector: button[data-testid='header-member-menu-button']
15:48:49. INFO  manager.MyListener - The element with locator --->By.cssSelector: button[data-testid='header-member-menu-button']was found
15:48:51. INFO  manager.MyListener - Start search element by locator --->By.cssSelector: a[href='/login']
15:48:51. INFO  manager.MyListener - The element with locator --->By.cssSelector: a[href='/login']was found
15:48:54. INFO  manager.MyListener - Start search element by locator --->By.cssSelector: button.username-change
15:48:54. INFO  manager.MyListener - The element with locator --->By.cssSelector: button.username-changewas found
15:48:54. INFO  manager.MyListener - Start search element by locator --->By.name: user
15:48:54. INFO  manager.MyListener - The element with locator --->By.name: userwas found
15:48:54. INFO  manager.MyListener - Start search element by locator --->By.id: login
15:48:54. INFO  manager.MyListener - The element with locator --->By.id: loginwas found
15:48:56. INFO  manager.MyListener - Start search element by locator --->By.id: password
15:48:57. INFO  manager.MyListener - The element with locator --->By.id: passwordwas found
15:48:57. INFO  manager.MyListener - Start search element by locator --->By.id: login-submit
15:48:57. INFO  manager.MyListener - The element with locator --->By.id: login-submitwas found
15:48:58. INFO  manager.MyListener - Start search element by locator --->By.cssSelector: button[data-testid='header-member-menu-button']
15:49:03. INFO  manager.MyListener - The element with locator --->By.cssSelector: button[data-testid='header-member-menu-button']was found
15:49:03. INFO  manager.MyListener - Start search element by locator --->By.cssSelector: button[data-testid='header-member-menu-button']
15:49:03. INFO  manager.MyListener - The element with locator --->By.cssSelector: button[data-testid='header-member-menu-button']was found
15:49:03. INFO  manager.MyListener - Start search element by locator --->By.cssSelector: [data-testid='header-member-menu-profile']
15:49:08. INFO  manager.MyListener - Something went wrong!!!
15:49:08. INFO  manager.MyListener - no such element: Unable to locate element: {"method":"css selector","selector":"[data-testid='header-member-menu-profile']"}
  (Session info: chrome=108.0.5359.126)
For documentation on this error, please visit: https://www.seleniumhq.org/exceptions/no_such_element.html
Build info: version: '3.141.59', revision: 'e82be7d358', time: '2018-11-14T08:17:03'
System info: host: 'DESKTOP-ARMCA8P', ip: '10.0.0.4', os.name: 'Windows 11', os.arch: 'amd64', os.version: '10.0', java.version: '1.8.0_333'
Driver info: org.openqa.selenium.chrome.ChromeDriver
Capabilities {acceptInsecureCerts: false, browserName: chrome, browserVersion: 108.0.5359.126, chrome: {chromedriverVersion: 108.0.5359.71 (1e0e3868ee06..., userDataDir: C:\Users\uevge\AppData\Loca...}, goog:chromeOptions: {debuggerAddress: localhost:56372}, javascriptEnabled: true, networkConnectionEnabled: false, pageLoadStrategy: normal, platform: WINDOWS, platformName: WINDOWS, proxy: Proxy(), setWindowRect: true, strictFileInteractability: false, timeouts: {implicit: 0, pageLoad: 300000, script: 30000}, unhandledPromptBehavior: dismiss and notify, webauthn:extension:credBlob: true, webauthn:extension:largeBlob: true, webauthn:virtualAuthenticators: true}
Session ID: 523238037ef8e7b683d10e59f1041802
*** Element info: {Using=css selector, value=[data-testid='header-member-menu-profile']}
15:49:08. INFO  manager.MyListener - org.openqa.selenium.NoSuchElementException: no such element: Unable to locate element: {"method":"css selector","selector":"[data-testid='header-member-menu-profile']"}
  (Session info: chrome=108.0.5359.126)
For documentation on this error, please visit: https://www.seleniumhq.org/exceptions/no_such_element.html
Build info: version: '3.141.59', revision: 'e82be7d358', time: '2018-11-14T08:17:03'
System info: host: 'DESKTOP-ARMCA8P', ip: '10.0.0.4', os.name: 'Windows 11', os.arch: 'amd64', os.version: '10.0', java.version: '1.8.0_333'
Driver info: org.openqa.selenium.chrome.ChromeDriver
Capabilities {acceptInsecureCerts: false, browserName: chrome, browserVersion: 108.0.5359.126, chrome: {chromedriverVersion: 108.0.5359.71 (1e0e3868ee06..., userDataDir: C:\Users\uevge\AppData\Loca...}, goog:chromeOptions: {debuggerAddress: localhost:56372}, javascriptEnabled: true, networkConnectionEnabled: false, pageLoadStrategy: normal, platform: WINDOWS, platformName: WINDOWS, proxy: Proxy(), setWindowRect: true, strictFileInteractability: false, timeouts: {implicit: 0, pageLoad: 300000, script: 30000}, unhandledPromptBehavior: dismiss and notify, webauthn:extension:credBlob: true, webauthn:extension:largeBlob: true, webauthn:virtualAuthenticators: true}
Session ID: 523238037ef8e7b683d10e59f1041802
*** Element info: {Using=css selector, value=[data-testid='header-member-menu-profile']}
15:49:09. INFO  manager.MyListener - Screenshot with throwable -->src/test/screenshots/screenshot-2948.png
