18:56:16. INFO  manager.ApplicationManager - Test on CHROME
18:56:18. INFO  manager.ApplicationManager - Base Url is ---->https://trello.com
18:56:20. INFO  manager.MyListener - Start search element by locator --->By.cssSelector: button[data-testid='header-member-menu-button']
18:56:25. INFO  manager.MyListener - The element with locator --->By.cssSelector: button[data-testid='header-member-menu-button']was found
18:56:27. INFO  manager.MyListener - Start search element by locator --->By.cssSelector: a[href='/login']
18:56:27. INFO  manager.MyListener - The element with locator --->By.cssSelector: a[href='/login']was found
18:56:29. INFO  manager.MyListener - Start search element by locator --->By.cssSelector: button.username-change
18:56:29. INFO  manager.MyListener - The element with locator --->By.cssSelector: button.username-changewas found
18:56:29. INFO  manager.MyListener - Start search element by locator --->By.name: user
18:56:29. INFO  manager.MyListener - The element with locator --->By.name: userwas found
18:56:29. INFO  manager.MyListener - Start search element by locator --->By.id: login
18:56:29. INFO  manager.MyListener - The element with locator --->By.id: loginwas found
18:56:31. INFO  manager.MyListener - Start search element by locator --->By.id: password
18:56:32. INFO  manager.MyListener - The element with locator --->By.id: passwordwas found
18:56:32. INFO  manager.MyListener - Start search element by locator --->By.id: login-submit
18:56:32. INFO  manager.MyListener - The element with locator --->By.id: login-submitwas found
18:56:32. INFO  manager.MyListener - Start search element by locator --->By.cssSelector: button[data-testid='header-member-menu-button']
18:56:37. INFO  manager.MyListener - The element with locator --->By.cssSelector: button[data-testid='header-member-menu-button']was found
18:56:37. INFO  manager.ApplicationManager - Tests start with board --> Board(title=PinkBoard-150, color=Pink)
18:56:37. INFO  manager.MyListener - Start search element by locator --->By.cssSelector: li[data-testid='create-board-tile']
18:56:37. INFO  manager.MyListener - The element with locator --->By.cssSelector: li[data-testid='create-board-tile']was found
18:56:37. INFO  manager.MyListener - Start search element by locator --->By.cssSelector: [data-testid='create-board-title-input']
18:56:37. INFO  manager.MyListener - The element with locator --->By.cssSelector: [data-testid='create-board-title-input']was found
18:56:38. INFO  manager.MyListener - Start search element by locator --->By.cssSelector: #background-picker>ul:last-child>li:last-child
18:56:38. INFO  manager.MyListener - The element with locator --->By.cssSelector: #background-picker>ul:last-child>li:last-childwas found
18:56:38. INFO  manager.MyListener - Start search element by locator --->By.xpath: //div[@title='Pink']
18:56:38. INFO  manager.MyListener - The element with locator --->By.xpath: //div[@title='Pink']was found
18:56:38. INFO  manager.MyListener - Start search element by locator --->By.xpath: //button[text()='Create']
18:56:38. INFO  manager.MyListener - The element with locator --->By.xpath: //button[text()='Create']was found
18:56:38. INFO  manager.MyListener - Start search element by locator --->By.cssSelector: a[href $= 'pinkboard-150']
18:56:39. INFO  manager.MyListener - The element with locator --->By.cssSelector: a[href $= 'pinkboard-150']was found
18:56:39. INFO  manager.MyListener - Something went wrong!!!
18:56:39. INFO  manager.MyListener - stale element reference: element is not attached to the page document
  (Session info: chrome=108.0.5359.126)
For documentation on this error, please visit: https://www.seleniumhq.org/exceptions/stale_element_reference.html
Build info: version: '3.141.59', revision: 'e82be7d358', time: '2018-11-14T08:17:03'
System info: host: 'DESKTOP-ARMCA8P', ip: '10.0.0.4', os.name: 'Windows 11', os.arch: 'amd64', os.version: '10.0', java.version: '1.8.0_333'
Driver info: org.openqa.selenium.chrome.ChromeDriver
Capabilities {acceptInsecureCerts: false, browserName: chrome, browserVersion: 108.0.5359.126, chrome: {chromedriverVersion: 108.0.5359.71 (1e0e3868ee06..., userDataDir: C:\Users\uevge\AppData\Loca...}, goog:chromeOptions: {debuggerAddress: localhost:52094}, javascriptEnabled: true, networkConnectionEnabled: false, pageLoadStrategy: normal, platform: WINDOWS, platformName: WINDOWS, proxy: Proxy(), setWindowRect: true, strictFileInteractability: false, timeouts: {implicit: 0, pageLoad: 300000, script: 30000}, unhandledPromptBehavior: dismiss and notify, webauthn:extension:credBlob: true, webauthn:extension:largeBlob: true, webauthn:virtualAuthenticators: true}
Session ID: 7bd8bec4d40bf8e29163fdc29171b0c0
18:56:39. INFO  manager.MyListener - org.openqa.selenium.StaleElementReferenceException: stale element reference: element is not attached to the page document
  (Session info: chrome=108.0.5359.126)
For documentation on this error, please visit: https://www.seleniumhq.org/exceptions/stale_element_reference.html
Build info: version: '3.141.59', revision: 'e82be7d358', time: '2018-11-14T08:17:03'
System info: host: 'DESKTOP-ARMCA8P', ip: '10.0.0.4', os.name: 'Windows 11', os.arch: 'amd64', os.version: '10.0', java.version: '1.8.0_333'
Driver info: org.openqa.selenium.chrome.ChromeDriver
Capabilities {acceptInsecureCerts: false, browserName: chrome, browserVersion: 108.0.5359.126, chrome: {chromedriverVersion: 108.0.5359.71 (1e0e3868ee06..., userDataDir: C:\Users\uevge\AppData\Loca...}, goog:chromeOptions: {debuggerAddress: localhost:52094}, javascriptEnabled: true, networkConnectionEnabled: false, pageLoadStrategy: normal, platform: WINDOWS, platformName: WINDOWS, proxy: Proxy(), setWindowRect: true, strictFileInteractability: false, timeouts: {implicit: 0, pageLoad: 300000, script: 30000}, unhandledPromptBehavior: dismiss and notify, webauthn:extension:credBlob: true, webauthn:extension:largeBlob: true, webauthn:virtualAuthenticators: true}
Session ID: 7bd8bec4d40bf8e29163fdc29171b0c0
18:56:39. INFO  manager.MyListener - Screenshot with throwable -->src/test/screenshots/screenshot-3399.png
