20:51:24. INFO  manager.ApplicationManager - Test on CHROME
20:51:31. INFO  manager.MyListener - Start search element by locator --->By.cssSelector: button[data-testid='header-member-menu-button']
20:51:36. INFO  manager.MyListener - The element with locator --->By.cssSelector: button[data-testid='header-member-menu-button']was found
20:51:38. INFO  manager.MyListener - Start search element by locator --->By.cssSelector: a[href='/login']
20:51:38. INFO  manager.MyListener - The element with locator --->By.cssSelector: a[href='/login']was found
20:51:41. INFO  manager.MyListener - Start search element by locator --->By.cssSelector: button.username-change
20:51:41. INFO  manager.MyListener - The element with locator --->By.cssSelector: button.username-changewas found
20:51:41. INFO  manager.MyListener - Start search element by locator --->By.name: user
20:51:41. INFO  manager.MyListener - The element with locator --->By.name: userwas found
20:51:42. INFO  manager.MyListener - Start search element by locator --->By.id: login
20:51:42. INFO  manager.MyListener - The element with locator --->By.id: loginwas found
20:51:44. INFO  manager.MyListener - Start search element by locator --->By.id: password
20:51:46. INFO  manager.MyListener - The element with locator --->By.id: passwordwas found
20:51:46. INFO  manager.MyListener - Start search element by locator --->By.id: login-submit
20:51:46. INFO  manager.MyListener - The element with locator --->By.id: login-submitwas found
20:51:46. INFO  manager.MyListener - Start search element by locator --->By.cssSelector: button[data-testid='header-member-menu-button']
20:51:55. INFO  manager.MyListener - The element with locator --->By.cssSelector: button[data-testid='header-member-menu-button']was found
20:51:55. INFO  manager.MyListener - Start search element by locator --->By.cssSelector: button[data-testid='header-member-menu-button']
20:51:55. INFO  manager.MyListener - The element with locator --->By.cssSelector: button[data-testid='header-member-menu-button']was found
20:51:55. INFO  manager.MyListener - Start search element by locator --->By.cssSelector: [data-testid='account-menu-profile']
20:51:55. INFO  manager.MyListener - The element with locator --->By.cssSelector: [data-testid='account-menu-profile']was found
20:51:55. INFO  manager.MyListener - Start search element by locator --->By.xpath: //a[text()='Atlassian profile']
20:51:55. INFO  manager.MyListener - The element with locator --->By.xpath: //a[text()='Atlassian profile']was found
20:51:57. INFO  manager.MyListener - Start search element by locator --->By.cssSelector: [data-test-selector='profile-hover-info']
20:51:59. INFO  manager.MyListener - The element with locator --->By.cssSelector: [data-test-selector='profile-hover-info']was found
20:51:59. INFO  manager.MyListener - Start search element by locator --->By.xpath: //*[text()='Change profile photo']
20:52:05. INFO  manager.MyListener - Something went wrong!!!
20:52:05. INFO  manager.MyListener - no such element: Unable to locate element: {"method":"xpath","selector":"//*[text()='Change profile photo']"}
  (Session info: chrome=108.0.5359.126)
For documentation on this error, please visit: https://www.seleniumhq.org/exceptions/no_such_element.html
Build info: version: '3.141.59', revision: 'e82be7d358', time: '2018-11-14T08:17:03'
System info: host: 'DESKTOP-ARMCA8P', ip: '10.0.0.4', os.name: 'Windows 11', os.arch: 'amd64', os.version: '10.0', java.version: '1.8.0_333'
Driver info: org.openqa.selenium.chrome.ChromeDriver
Capabilities {acceptInsecureCerts: false, browserName: chrome, browserVersion: 108.0.5359.126, chrome: {chromedriverVersion: 108.0.5359.71 (1e0e3868ee06..., userDataDir: C:\Users\uevge\AppData\Loca...}, goog:chromeOptions: {debuggerAddress: localhost:55619}, javascriptEnabled: true, networkConnectionEnabled: false, pageLoadStrategy: normal, platform: WINDOWS, platformName: WINDOWS, proxy: Proxy(), setWindowRect: true, strictFileInteractability: false, timeouts: {implicit: 0, pageLoad: 300000, script: 30000}, unhandledPromptBehavior: dismiss and notify, webauthn:extension:credBlob: true, webauthn:extension:largeBlob: true, webauthn:virtualAuthenticators: true}
Session ID: fb9c35adc193f6760e823efbc345cd90
*** Element info: {Using=xpath, value=//*[text()='Change profile photo']}
20:52:05. INFO  manager.MyListener - org.openqa.selenium.NoSuchElementException: no such element: Unable to locate element: {"method":"xpath","selector":"//*[text()='Change profile photo']"}
  (Session info: chrome=108.0.5359.126)
For documentation on this error, please visit: https://www.seleniumhq.org/exceptions/no_such_element.html
Build info: version: '3.141.59', revision: 'e82be7d358', time: '2018-11-14T08:17:03'
System info: host: 'DESKTOP-ARMCA8P', ip: '10.0.0.4', os.name: 'Windows 11', os.arch: 'amd64', os.version: '10.0', java.version: '1.8.0_333'
Driver info: org.openqa.selenium.chrome.ChromeDriver
Capabilities {acceptInsecureCerts: false, browserName: chrome, browserVersion: 108.0.5359.126, chrome: {chromedriverVersion: 108.0.5359.71 (1e0e3868ee06..., userDataDir: C:\Users\uevge\AppData\Loca...}, goog:chromeOptions: {debuggerAddress: localhost:55619}, javascriptEnabled: true, networkConnectionEnabled: false, pageLoadStrategy: normal, platform: WINDOWS, platformName: WINDOWS, proxy: Proxy(), setWindowRect: true, strictFileInteractability: false, timeouts: {implicit: 0, pageLoad: 300000, script: 30000}, unhandledPromptBehavior: dismiss and notify, webauthn:extension:credBlob: true, webauthn:extension:largeBlob: true, webauthn:virtualAuthenticators: true}
Session ID: fb9c35adc193f6760e823efbc345cd90
*** Element info: {Using=xpath, value=//*[text()='Change profile photo']}
20:52:05. INFO  manager.MyListener - Screenshot with throwable -->src/test/screenshots/screenshot-3125.png
