19:15:47. INFO  manager.ApplicationManager - Config file is ----->config1
19:15:48. INFO  manager.ApplicationManager - Test on CHROME
19:15:51. INFO  manager.ApplicationManager - Base Url is ---->https://trello.com
19:15:53. INFO  manager.MyListener - Start search element by locator --->By.cssSelector: button[data-testid='header-member-menu-button']
19:15:58. INFO  manager.MyListener - The element with locator --->By.cssSelector: button[data-testid='header-member-menu-button']was found
19:15:58. INFO  manager.ApplicationManager - I used email--->gilad.test2022@gmail.com
19:15:58. INFO  manager.ApplicationManager - I used password--->UMarina69$
19:16:00. INFO  manager.MyListener - Start search element by locator --->By.cssSelector: a[href='/login']
19:16:00. INFO  manager.MyListener - The element with locator --->By.cssSelector: a[href='/login']was found
19:16:02. INFO  manager.MyListener - Start search element by locator --->By.cssSelector: button.username-change
19:16:02. INFO  manager.MyListener - The element with locator --->By.cssSelector: button.username-changewas found
19:16:02. INFO  manager.MyListener - Start search element by locator --->By.name: user
19:16:02. INFO  manager.MyListener - The element with locator --->By.name: userwas found
19:16:02. INFO  manager.MyListener - Start search element by locator --->By.id: login
19:16:02. INFO  manager.MyListener - The element with locator --->By.id: loginwas found
19:16:04. INFO  manager.MyListener - Start search element by locator --->By.id: password
19:16:05. INFO  manager.MyListener - The element with locator --->By.id: passwordwas found
19:16:05. INFO  manager.MyListener - Start search element by locator --->By.id: login-submit
19:16:05. INFO  manager.MyListener - The element with locator --->By.id: login-submitwas found
19:16:05. INFO  manager.MyListener - Start search element by locator --->By.cssSelector: button[data-testid='header-member-menu-button']
19:16:10. INFO  manager.MyListener - The element with locator --->By.cssSelector: button[data-testid='header-member-menu-button']was found
19:16:10. INFO  manager.MyListener - Start search element by locator --->By.cssSelector: button[data-testid='header-member-menu-button']
19:16:10. INFO  manager.MyListener - The element with locator --->By.cssSelector: button[data-testid='header-member-menu-button']was found
19:16:10. INFO  manager.MyListener - Start search element by locator --->By.cssSelector: [data-testid='account-menu-profile']
19:16:10. INFO  manager.MyListener - The element with locator --->By.cssSelector: [data-testid='account-menu-profile']was found
19:16:10. INFO  manager.MyListener - Start search element by locator --->By.xpath: //a[text()='Atlassian profile']
19:16:11. INFO  manager.MyListener - The element with locator --->By.xpath: //a[text()='Atlassian profile']was found
19:16:12. INFO  manager.MyListener - Start search element by locator --->By.cssSelector: [data-test-selector='profile-hover-info']
19:16:13. INFO  manager.MyListener - The element with locator --->By.cssSelector: [data-test-selector='profile-hover-info']was found
19:16:14. INFO  manager.MyListener - Start search element by locator --->By.xpath: //*[text()='Change profile photo']
19:16:14. INFO  manager.MyListener - The element with locator --->By.xpath: //*[text()='Change profile photo']was found
19:16:14. INFO  manager.MyListener - Start search element by locator --->By.id: image-input
19:16:14. INFO  manager.MyListener - The element with locator --->By.id: image-inputwas found
19:16:14. INFO  manager.MyListener - Start search element by locator --->By.xpath: //button/span[text()='Upload']
19:16:14. INFO  manager.MyListener - The element with locator --->By.xpath: //button/span[text()='Upload']was found
19:16:14. INFO  manager.MyListener - Start search element by locator --->By.xpath: //span[text()='Avatar added']
19:16:19. INFO  manager.MyListener - Something went wrong!!!
19:16:19. INFO  manager.MyListener - no such element: Unable to locate element: {"method":"xpath","selector":"//span[text()='Avatar added']"}
  (Session info: chrome=108.0.5359.126)
For documentation on this error, please visit: https://www.seleniumhq.org/exceptions/no_such_element.html
Build info: version: '3.141.59', revision: 'e82be7d358', time: '2018-11-14T08:17:03'
System info: host: 'DESKTOP-ARMCA8P', ip: '10.0.0.4', os.name: 'Windows 11', os.arch: 'amd64', os.version: '10.0', java.version: '11.0.16.1'
Driver info: org.openqa.selenium.chrome.ChromeDriver
Capabilities {acceptInsecureCerts: false, browserName: chrome, browserVersion: 108.0.5359.126, chrome: {chromedriverVersion: 108.0.5359.71 (1e0e3868ee06..., userDataDir: C:\Users\uevge\AppData\Loca...}, goog:chromeOptions: {debuggerAddress: localhost:53609}, javascriptEnabled: true, networkConnectionEnabled: false, pageLoadStrategy: normal, platform: WINDOWS, platformName: WINDOWS, proxy: Proxy(), setWindowRect: true, strictFileInteractability: false, timeouts: {implicit: 0, pageLoad: 300000, script: 30000}, unhandledPromptBehavior: dismiss and notify, webauthn:extension:credBlob: true, webauthn:extension:largeBlob: true, webauthn:virtualAuthenticators: true}
Session ID: 324d0e8d83a32eea2da57686feaa1313
*** Element info: {Using=xpath, value=//span[text()='Avatar added']}
19:16:19. INFO  manager.MyListener - org.openqa.selenium.NoSuchElementException: no such element: Unable to locate element: {"method":"xpath","selector":"//span[text()='Avatar added']"}
  (Session info: chrome=108.0.5359.126)
For documentation on this error, please visit: https://www.seleniumhq.org/exceptions/no_such_element.html
Build info: version: '3.141.59', revision: 'e82be7d358', time: '2018-11-14T08:17:03'
System info: host: 'DESKTOP-ARMCA8P', ip: '10.0.0.4', os.name: 'Windows 11', os.arch: 'amd64', os.version: '10.0', java.version: '11.0.16.1'
Driver info: org.openqa.selenium.chrome.ChromeDriver
Capabilities {acceptInsecureCerts: false, browserName: chrome, browserVersion: 108.0.5359.126, chrome: {chromedriverVersion: 108.0.5359.71 (1e0e3868ee06..., userDataDir: C:\Users\uevge\AppData\Loca...}, goog:chromeOptions: {debuggerAddress: localhost:53609}, javascriptEnabled: true, networkConnectionEnabled: false, pageLoadStrategy: normal, platform: WINDOWS, platformName: WINDOWS, proxy: Proxy(), setWindowRect: true, strictFileInteractability: false, timeouts: {implicit: 0, pageLoad: 300000, script: 30000}, unhandledPromptBehavior: dismiss and notify, webauthn:extension:credBlob: true, webauthn:extension:largeBlob: true, webauthn:virtualAuthenticators: true}
Session ID: 324d0e8d83a32eea2da57686feaa1313
*** Element info: {Using=xpath, value=//span[text()='Avatar added']}
19:16:19. INFO  manager.MyListener - Screenshot with throwable -->src/test/screenshots/screenshot-979.png
