19:57:00. INFO  manager.ApplicationManager - Test on CHROME
19:57:05. INFO  manager.MyListener - Start search element by locator --->By.cssSelector: button[data-testid='header-member-menu-button']
19:57:10. INFO  manager.MyListener - The element with locator --->By.cssSelector: button[data-testid='header-member-menu-button']was found
19:57:12. INFO  manager.MyListener - Start search element by locator --->By.cssSelector: a[href='/login']
19:57:12. INFO  manager.MyListener - The element with locator --->By.cssSelector: a[href='/login']was found
19:57:14. INFO  manager.MyListener - Start search element by locator --->By.cssSelector: button.username-change
19:57:14. INFO  manager.MyListener - The element with locator --->By.cssSelector: button.username-changewas found
19:57:14. INFO  manager.MyListener - Start search element by locator --->By.name: user
19:57:14. INFO  manager.MyListener - The element with locator --->By.name: userwas found
19:57:15. INFO  manager.MyListener - Start search element by locator --->By.id: login
19:57:15. INFO  manager.MyListener - The element with locator --->By.id: loginwas found
19:57:17. INFO  manager.MyListener - Start search element by locator --->By.id: password
19:57:18. INFO  manager.MyListener - The element with locator --->By.id: passwordwas found
19:57:18. INFO  manager.MyListener - Start search element by locator --->By.id: login-submit
19:57:18. INFO  manager.MyListener - The element with locator --->By.id: login-submitwas found
19:57:18. INFO  manager.MyListener - Start search element by locator --->By.cssSelector: button[data-testid='header-member-menu-button']
19:57:26. INFO  manager.MyListener - The element with locator --->By.cssSelector: button[data-testid='header-member-menu-button']was found
19:57:26. INFO  manager.MyListener - Start search element by locator --->By.cssSelector: button[data-testid='header-member-menu-button']
19:57:26. INFO  manager.MyListener - The element with locator --->By.cssSelector: button[data-testid='header-member-menu-button']was found
19:57:26. INFO  manager.MyListener - Start search element by locator --->By.cssSelector: [data-testid='account-menu-profile']
19:57:26. INFO  manager.MyListener - The element with locator --->By.cssSelector: [data-testid='account-menu-profile']was found
19:57:27. INFO  manager.MyListener - Start search element by locator --->By.xpath: //a[text()='Atlassian profile']
19:57:27. INFO  manager.MyListener - The element with locator --->By.xpath: //a[text()='Atlassian profile']was found
19:57:28. INFO  manager.MyListener - Start search element by locator --->By.cssSelector: [data-test-selector='profile-hover-info']
19:57:29. INFO  manager.MyListener - The element with locator --->By.cssSelector: [data-test-selector='profile-hover-info']was found
19:57:30. INFO  manager.MyListener - Start search element by locator --->By.xpath: //*[text()='Change profile photo']
19:57:35. INFO  manager.MyListener - Something went wrong!!!
19:57:35. INFO  manager.MyListener - no such element: Unable to locate element: {"method":"xpath","selector":"//*[text()='Change profile photo']"}
  (Session info: chrome=108.0.5359.126)
For documentation on this error, please visit: https://www.seleniumhq.org/exceptions/no_such_element.html
Build info: version: '3.141.59', revision: 'e82be7d358', time: '2018-11-14T08:17:03'
System info: host: 'DESKTOP-ARMCA8P', ip: '10.0.0.4', os.name: 'Windows 11', os.arch: 'amd64', os.version: '10.0', java.version: '1.8.0_333'
Driver info: org.openqa.selenium.chrome.ChromeDriver
Capabilities {acceptInsecureCerts: false, browserName: chrome, browserVersion: 108.0.5359.126, chrome: {chromedriverVersion: 108.0.5359.71 (1e0e3868ee06..., userDataDir: C:\Users\uevge\AppData\Loca...}, goog:chromeOptions: {debuggerAddress: localhost:50067}, javascriptEnabled: true, networkConnectionEnabled: false, pageLoadStrategy: normal, platform: WINDOWS, platformName: WINDOWS, proxy: Proxy(), setWindowRect: true, strictFileInteractability: false, timeouts: {implicit: 0, pageLoad: 300000, script: 30000}, unhandledPromptBehavior: dismiss and notify, webauthn:extension:credBlob: true, webauthn:extension:largeBlob: true, webauthn:virtualAuthenticators: true}
Session ID: ed628d71dd8b0454464a721b4bc5dc3d
*** Element info: {Using=xpath, value=//*[text()='Change profile photo']}
19:57:35. INFO  manager.MyListener - org.openqa.selenium.NoSuchElementException: no such element: Unable to locate element: {"method":"xpath","selector":"//*[text()='Change profile photo']"}
  (Session info: chrome=108.0.5359.126)
For documentation on this error, please visit: https://www.seleniumhq.org/exceptions/no_such_element.html
Build info: version: '3.141.59', revision: 'e82be7d358', time: '2018-11-14T08:17:03'
System info: host: 'DESKTOP-ARMCA8P', ip: '10.0.0.4', os.name: 'Windows 11', os.arch: 'amd64', os.version: '10.0', java.version: '1.8.0_333'
Driver info: org.openqa.selenium.chrome.ChromeDriver
Capabilities {acceptInsecureCerts: false, browserName: chrome, browserVersion: 108.0.5359.126, chrome: {chromedriverVersion: 108.0.5359.71 (1e0e3868ee06..., userDataDir: C:\Users\uevge\AppData\Loca...}, goog:chromeOptions: {debuggerAddress: localhost:50067}, javascriptEnabled: true, networkConnectionEnabled: false, pageLoadStrategy: normal, platform: WINDOWS, platformName: WINDOWS, proxy: Proxy(), setWindowRect: true, strictFileInteractability: false, timeouts: {implicit: 0, pageLoad: 300000, script: 30000}, unhandledPromptBehavior: dismiss and notify, webauthn:extension:credBlob: true, webauthn:extension:largeBlob: true, webauthn:virtualAuthenticators: true}
Session ID: ed628d71dd8b0454464a721b4bc5dc3d
*** Element info: {Using=xpath, value=//*[text()='Change profile photo']}
19:57:35. INFO  manager.MyListener - Screenshot with throwable -->src/test/screenshots/screenshot-3455.png
