16:34:14. INFO  manager.ApplicationManager - Test on CHROME
16:34:21. INFO  manager.MyListener - Start search element by locator --->By.cssSelector: button[data-testid='header-member-menu-button']
16:34:26. INFO  manager.MyListener - The element with locator --->By.cssSelector: button[data-testid='header-member-menu-button']was found
16:34:28. INFO  manager.MyListener - Start search element by locator --->By.cssSelector: a[href='/login']
16:34:28. INFO  manager.MyListener - The element with locator --->By.cssSelector: a[href='/login']was found
16:34:30. INFO  manager.MyListener - Start search element by locator --->By.cssSelector: button.username-change
16:34:30. INFO  manager.MyListener - The element with locator --->By.cssSelector: button.username-changewas found
16:34:30. INFO  manager.MyListener - Start search element by locator --->By.name: user
16:34:30. INFO  manager.MyListener - The element with locator --->By.name: userwas found
16:34:30. INFO  manager.MyListener - Start search element by locator --->By.id: login
16:34:30. INFO  manager.MyListener - The element with locator --->By.id: loginwas found
16:34:32. INFO  manager.MyListener - Start search element by locator --->By.id: password
16:34:34. INFO  manager.MyListener - The element with locator --->By.id: passwordwas found
16:34:34. INFO  manager.MyListener - Start search element by locator --->By.id: login-submit
16:34:34. INFO  manager.MyListener - The element with locator --->By.id: login-submitwas found
16:34:34. INFO  manager.MyListener - Start search element by locator --->By.cssSelector: button[data-testid='header-member-menu-button']
16:34:40. INFO  manager.MyListener - The element with locator --->By.cssSelector: button[data-testid='header-member-menu-button']was found
16:34:40. INFO  manager.MyListener - Start search element by locator --->By.cssSelector: button[data-testid='header-member-menu-button']
16:34:40. INFO  manager.MyListener - The element with locator --->By.cssSelector: button[data-testid='header-member-menu-button']was found
16:34:40. INFO  manager.MyListener - Start search element by locator --->By.cssSelector: [data-testid='account-menu-profile']
16:34:40. INFO  manager.MyListener - The element with locator --->By.cssSelector: [data-testid='account-menu-profile']was found
16:34:40. INFO  manager.MyListener - Start search element by locator --->By.xpath: //a[text()='Atlassian profile']
16:34:41. INFO  manager.MyListener - The element with locator --->By.xpath: //a[text()='Atlassian profile']was found
16:34:42. INFO  manager.MyListener - Start search element by locator --->By.cssSelector: [data-test-selector='profile-hover-info']
16:34:43. INFO  manager.MyListener - The element with locator --->By.cssSelector: [data-test-selector='profile-hover-info']was found
16:34:44. INFO  manager.MyListener - Start search element by locator --->By.xpath: //*[text()='Change profile photo']
16:34:44. INFO  manager.MyListener - The element with locator --->By.xpath: //*[text()='Change profile photo']was found
16:34:44. INFO  manager.MyListener - Start search element by locator --->By.id: image-input
16:34:44. INFO  manager.MyListener - The element with locator --->By.id: image-inputwas found
16:34:44. INFO  manager.MyListener - Something went wrong!!!
16:34:44. INFO  manager.MyListener - unknown error: path is not absolute: src/test/resources/avatar.jpg
  (Session info: chrome=108.0.5359.126)
Build info: version: '3.141.59', revision: 'e82be7d358', time: '2018-11-14T08:17:03'
System info: host: 'DESKTOP-ARMCA8P', ip: '10.0.0.4', os.name: 'Windows 11', os.arch: 'amd64', os.version: '10.0', java.version: '1.8.0_333'
Driver info: org.openqa.selenium.chrome.ChromeDriver
Capabilities {acceptInsecureCerts: false, browserName: chrome, browserVersion: 108.0.5359.126, chrome: {chromedriverVersion: 108.0.5359.71 (1e0e3868ee06..., userDataDir: C:\Users\uevge\AppData\Loca...}, goog:chromeOptions: {debuggerAddress: localhost:63920}, javascriptEnabled: true, networkConnectionEnabled: false, pageLoadStrategy: normal, platform: WINDOWS, platformName: WINDOWS, proxy: Proxy(), setWindowRect: true, strictFileInteractability: false, timeouts: {implicit: 0, pageLoad: 300000, script: 30000}, unhandledPromptBehavior: dismiss and notify, webauthn:extension:credBlob: true, webauthn:extension:largeBlob: true, webauthn:virtualAuthenticators: true}
Session ID: 3462eb043dd1c81643c6eff1db6617a6
16:34:44. INFO  manager.MyListener - org.openqa.selenium.WebDriverException: unknown error: path is not absolute: src/test/resources/avatar.jpg
  (Session info: chrome=108.0.5359.126)
Build info: version: '3.141.59', revision: 'e82be7d358', time: '2018-11-14T08:17:03'
System info: host: 'DESKTOP-ARMCA8P', ip: '10.0.0.4', os.name: 'Windows 11', os.arch: 'amd64', os.version: '10.0', java.version: '1.8.0_333'
Driver info: org.openqa.selenium.chrome.ChromeDriver
Capabilities {acceptInsecureCerts: false, browserName: chrome, browserVersion: 108.0.5359.126, chrome: {chromedriverVersion: 108.0.5359.71 (1e0e3868ee06..., userDataDir: C:\Users\uevge\AppData\Loca...}, goog:chromeOptions: {debuggerAddress: localhost:63920}, javascriptEnabled: true, networkConnectionEnabled: false, pageLoadStrategy: normal, platform: WINDOWS, platformName: WINDOWS, proxy: Proxy(), setWindowRect: true, strictFileInteractability: false, timeouts: {implicit: 0, pageLoad: 300000, script: 30000}, unhandledPromptBehavior: dismiss and notify, webauthn:extension:credBlob: true, webauthn:extension:largeBlob: true, webauthn:virtualAuthenticators: true}
Session ID: 3462eb043dd1c81643c6eff1db6617a6
16:34:44. INFO  manager.MyListener - Screenshot with throwable -->src/test/screenshots/screenshot-2084.png
