16:58:15. INFO  manager.ApplicationManager - Test on CHROME
16:58:20. INFO  manager.MyListener - Start search element by locator --->By.cssSelector: button[data-testid='header-member-menu-button']
16:58:25. INFO  manager.MyListener - The element with locator --->By.cssSelector: button[data-testid='header-member-menu-button']was found
16:58:27. INFO  manager.MyListener - Start search element by locator --->By.cssSelector: a[href='/login']
16:58:27. INFO  manager.MyListener - The element with locator --->By.cssSelector: a[href='/login']was found
16:58:29. INFO  manager.MyListener - Start search element by locator --->By.cssSelector: button.username-change
16:58:29. INFO  manager.MyListener - The element with locator --->By.cssSelector: button.username-changewas found
16:58:29. INFO  manager.MyListener - Start search element by locator --->By.name: user
16:58:29. INFO  manager.MyListener - The element with locator --->By.name: userwas found
16:58:29. INFO  manager.MyListener - Start search element by locator --->By.id: login
16:58:29. INFO  manager.MyListener - The element with locator --->By.id: loginwas found
16:58:31. INFO  manager.MyListener - Start search element by locator --->By.id: password
16:58:32. INFO  manager.MyListener - The element with locator --->By.id: passwordwas found
16:58:32. INFO  manager.MyListener - Start search element by locator --->By.id: login-submit
16:58:32. INFO  manager.MyListener - The element with locator --->By.id: login-submitwas found
16:58:32. INFO  manager.MyListener - Start search element by locator --->By.cssSelector: button[data-testid='header-member-menu-button']
16:58:38. INFO  manager.MyListener - The element with locator --->By.cssSelector: button[data-testid='header-member-menu-button']was found
16:58:38. INFO  manager.MyListener - Start search element by locator --->By.cssSelector: button[data-testid='header-member-menu-button']
16:58:39. INFO  manager.MyListener - The element with locator --->By.cssSelector: button[data-testid='header-member-menu-button']was found
16:58:39. INFO  manager.MyListener - Start search element by locator --->By.cssSelector: [data-testid='account-menu-profile']
16:58:39. INFO  manager.MyListener - The element with locator --->By.cssSelector: [data-testid='account-menu-profile']was found
16:58:39. INFO  manager.MyListener - Start search element by locator --->By.xpath: //a[text()='Atlassian profile']
16:58:39. INFO  manager.MyListener - The element with locator --->By.xpath: //a[text()='Atlassian profile']was found
16:58:41. INFO  manager.MyListener - Start search element by locator --->By.cssSelector: [data-test-selector='profile-hover-info']
16:58:43. INFO  manager.MyListener - The element with locator --->By.cssSelector: [data-test-selector='profile-hover-info']was found
16:58:43. INFO  manager.MyListener - Start search element by locator --->By.xpath: //*[text()='Change profile photo']
16:58:43. INFO  manager.MyListener - The element with locator --->By.xpath: //*[text()='Change profile photo']was found
16:58:44. INFO  manager.MyListener - Start search element by locator --->By.id: image-input
16:58:44. INFO  manager.MyListener - The element with locator --->By.id: image-inputwas found
16:58:44. INFO  manager.MyListener - Start search element by locator --->By.xpath: //button/span[text()='Upload']
16:58:44. INFO  manager.MyListener - The element with locator --->By.xpath: //button/span[text()='Upload']was found
16:58:44. INFO  manager.MyListener - Start search element by locator --->By.xpath: //span[text()='Avatar added']
16:58:49. INFO  manager.MyListener - Something went wrong!!!
16:58:49. INFO  manager.MyListener - no such element: Unable to locate element: {"method":"xpath","selector":"//span[text()='Avatar added']"}
  (Session info: chrome=108.0.5359.126)
For documentation on this error, please visit: https://www.seleniumhq.org/exceptions/no_such_element.html
Build info: version: '3.141.59', revision: 'e82be7d358', time: '2018-11-14T08:17:03'
System info: host: 'DESKTOP-ARMCA8P', ip: '10.0.0.4', os.name: 'Windows 11', os.arch: 'amd64', os.version: '10.0', java.version: '1.8.0_333'
Driver info: org.openqa.selenium.chrome.ChromeDriver
Capabilities {acceptInsecureCerts: false, browserName: chrome, browserVersion: 108.0.5359.126, chrome: {chromedriverVersion: 108.0.5359.71 (1e0e3868ee06..., userDataDir: C:\Users\uevge\AppData\Loca...}, goog:chromeOptions: {debuggerAddress: localhost:64903}, javascriptEnabled: true, networkConnectionEnabled: false, pageLoadStrategy: normal, platform: WINDOWS, platformName: WINDOWS, proxy: Proxy(), setWindowRect: true, strictFileInteractability: false, timeouts: {implicit: 0, pageLoad: 300000, script: 30000}, unhandledPromptBehavior: dismiss and notify, webauthn:extension:credBlob: true, webauthn:extension:largeBlob: true, webauthn:virtualAuthenticators: true}
Session ID: ccc2c77fed2753455eb484966f65dfd3
*** Element info: {Using=xpath, value=//span[text()='Avatar added']}
16:58:49. INFO  manager.MyListener - org.openqa.selenium.NoSuchElementException: no such element: Unable to locate element: {"method":"xpath","selector":"//span[text()='Avatar added']"}
  (Session info: chrome=108.0.5359.126)
For documentation on this error, please visit: https://www.seleniumhq.org/exceptions/no_such_element.html
Build info: version: '3.141.59', revision: 'e82be7d358', time: '2018-11-14T08:17:03'
System info: host: 'DESKTOP-ARMCA8P', ip: '10.0.0.4', os.name: 'Windows 11', os.arch: 'amd64', os.version: '10.0', java.version: '1.8.0_333'
Driver info: org.openqa.selenium.chrome.ChromeDriver
Capabilities {acceptInsecureCerts: false, browserName: chrome, browserVersion: 108.0.5359.126, chrome: {chromedriverVersion: 108.0.5359.71 (1e0e3868ee06..., userDataDir: C:\Users\uevge\AppData\Loca...}, goog:chromeOptions: {debuggerAddress: localhost:64903}, javascriptEnabled: true, networkConnectionEnabled: false, pageLoadStrategy: normal, platform: WINDOWS, platformName: WINDOWS, proxy: Proxy(), setWindowRect: true, strictFileInteractability: false, timeouts: {implicit: 0, pageLoad: 300000, script: 30000}, unhandledPromptBehavior: dismiss and notify, webauthn:extension:credBlob: true, webauthn:extension:largeBlob: true, webauthn:virtualAuthenticators: true}
Session ID: ccc2c77fed2753455eb484966f65dfd3
*** Element info: {Using=xpath, value=//span[text()='Avatar added']}
16:58:50. INFO  manager.MyListener - Screenshot with throwable -->src/test/screenshots/screenshot-3529.png
